[2025-11-05 10:23:41.502  INF]  EDonusum Batch ELedger Process Service is stopping.
[2025-11-05 10:23:41.514  ERR]  EDonusum Batch ELedger Process Service: System.Threading.Tasks.TaskCanceledException: A task was canceled.
   at NettyApps.Base.Core.API.NettyBackgroundServiceBase`1.ExecuteAsync(CancellationToken cancellationToken)
[2025-11-05 10:23:41.521  INF]  EDonusum Batch ELedger Process Service: ExecuteAsync Ended
[2025-11-05 10:23:41.523  INF]  EDonusum Batch AutoSend Despatch Service is stopping.
[2025-11-05 10:23:41.523  ERR]  EDonusum Batch AutoSend Despatch Service: System.Threading.Tasks.TaskCanceledException: A task was canceled.
   at NettyApps.Base.Core.API.NettyBackgroundServiceBase`1.ExecuteAsync(CancellationToken cancellationToken)
[2025-11-05 10:23:41.523  INF]  EDonusum Batch AutoSend Despatch Service: ExecuteAsync Ended
[2025-11-05 10:23:41.524  INF]  EDonusum Batch AutoSend Service is stopping.
[2025-11-05 10:23:41.524  ERR]  EDonusum Batch AutoSend Service: System.Threading.Tasks.TaskCanceledException: A task was canceled.
   at NettyApps.Base.Core.API.NettyBackgroundServiceBase`1.ExecuteAsync(CancellationToken cancellationToken)
[2025-11-05 10:23:41.524  INF]  EDonusum Batch AutoSend Service: ExecuteAsync Ended
[2025-11-05 10:23:52.394  INF]  Starting with DB MSSQL
[2025-11-05 10:23:54.082  WRN]  Storing keys in a directory '/home/app/.aspnet/DataProtection-Keys' that may not be persisted outside of the container. Protected data will be unavailable when container is destroyed. For more information go to https://aka.ms/aspnet/dataprotectionwarning
[2025-11-05 10:23:54.114  WRN]  No XML encryptor configured. Key {a857e851-9e1e-4f63-a0f8-d206db5661ea} may be persisted to storage in unencrypted form.
[2025-11-05 10:23:54.130  INF]  EDonusum Batch AutoSend Service is starting.
[2025-11-05 10:23:54.132  INF]  EDonusum Batch AutoSend Service: ExecuteAsync Started
[2025-11-05 10:23:54.136  INF]  EDonusum Batch AutoSend Despatch Service is starting.
[2025-11-05 10:23:54.136  INF]  EDonusum Batch AutoSend Despatch Service: ExecuteAsync Started
[2025-11-05 10:23:54.136  INF]  EDonusum Batch ELedger Process Service is starting.
[2025-11-05 10:23:54.137  INF]  EDonusum Batch ELedger Process Service: ExecuteAsync Started
[2025-11-05 10:23:54.400  WRN]  Overriding address(es) 'http://*:8080'. Binding to endpoints defined via IConfiguration and/or UseKestrel() instead.
[2025-11-05 10:39:55.922  INF]  EDonusum Batch ELedger Process Service is stopping.
[2025-11-05 10:39:55.931  ERR]  EDonusum Batch ELedger Process Service: System.Threading.Tasks.TaskCanceledException: A task was canceled.
   at NettyApps.Base.Core.API.NettyBackgroundServiceBase`1.ExecuteAsync(CancellationToken cancellationToken)
[2025-11-05 10:39:55.938  INF]  EDonusum Batch ELedger Process Service: ExecuteAsync Ended
[2025-11-05 10:39:55.940  INF]  EDonusum Batch AutoSend Despatch Service is stopping.
[2025-11-05 10:39:55.941  ERR]  EDonusum Batch AutoSend Despatch Service: System.Threading.Tasks.TaskCanceledException: A task was canceled.
   at NettyApps.Base.Core.API.NettyBackgroundServiceBase`1.ExecuteAsync(CancellationToken cancellationToken)
[2025-11-05 10:39:55.941  INF]  EDonusum Batch AutoSend Despatch Service: ExecuteAsync Ended
[2025-11-05 10:39:55.941  INF]  EDonusum Batch AutoSend Service is stopping.
[2025-11-05 10:39:55.941  ERR]  EDonusum Batch AutoSend Service: System.Threading.Tasks.TaskCanceledException: A task was canceled.
   at NettyApps.Base.Core.API.NettyBackgroundServiceBase`1.ExecuteAsync(CancellationToken cancellationToken)
[2025-11-05 10:39:55.941  INF]  EDonusum Batch AutoSend Service: ExecuteAsync Ended
[2025-11-05 10:40:06.425  INF]  Starting with DB MSSQL
[2025-11-05 10:40:08.034  WRN]  Storing keys in a directory '/home/app/.aspnet/DataProtection-Keys' that may not be persisted outside of the container. Protected data will be unavailable when container is destroyed. For more information go to https://aka.ms/aspnet/dataprotectionwarning
[2025-11-05 10:40:08.065  WRN]  No XML encryptor configured. Key {ea7ad1eb-54fd-468b-bc16-0aac7c5f5264} may be persisted to storage in unencrypted form.
[2025-11-05 10:40:08.082  INF]  EDonusum Batch AutoSend Service is starting.
[2025-11-05 10:40:08.084  INF]  EDonusum Batch AutoSend Service: ExecuteAsync Started
[2025-11-05 10:40:08.088  INF]  EDonusum Batch AutoSend Despatch Service is starting.
[2025-11-05 10:40:08.088  INF]  EDonusum Batch AutoSend Despatch Service: ExecuteAsync Started
[2025-11-05 10:40:08.089  INF]  EDonusum Batch ELedger Process Service is starting.
[2025-11-05 10:40:08.089  INF]  EDonusum Batch ELedger Process Service: ExecuteAsync Started
[2025-11-05 10:40:08.335  WRN]  Overriding address(es) 'http://*:8080'. Binding to endpoints defined via IConfiguration and/or UseKestrel() instead.
[2025-11-05 13:04:49.933  INF]  EDonusum Batch ELedger Process Service is stopping.
[2025-11-05 13:04:49.942  ERR]  EDonusum Batch ELedger Process Service: System.Threading.Tasks.TaskCanceledException: A task was canceled.
   at NettyApps.Base.Core.API.NettyBackgroundServiceBase`1.ExecuteAsync(CancellationToken cancellationToken)
[2025-11-05 13:04:49.949  INF]  EDonusum Batch ELedger Process Service: ExecuteAsync Ended
[2025-11-05 13:04:49.951  INF]  EDonusum Batch AutoSend Despatch Service is stopping.
[2025-11-05 13:04:49.951  ERR]  EDonusum Batch AutoSend Despatch Service: System.Threading.Tasks.TaskCanceledException: A task was canceled.
   at NettyApps.Base.Core.API.NettyBackgroundServiceBase`1.ExecuteAsync(CancellationToken cancellationToken)
[2025-11-05 13:04:49.952  INF]  EDonusum Batch AutoSend Despatch Service: ExecuteAsync Ended
[2025-11-05 13:04:49.952  INF]  EDonusum Batch AutoSend Service is stopping.
[2025-11-05 13:04:49.952  ERR]  EDonusum Batch AutoSend Service: System.Threading.Tasks.TaskCanceledException: A task was canceled.
   at NettyApps.Base.Core.API.NettyBackgroundServiceBase`1.ExecuteAsync(CancellationToken cancellationToken)
[2025-11-05 13:04:49.952  INF]  EDonusum Batch AutoSend Service: ExecuteAsync Ended
[2025-11-05 13:05:00.510  INF]  Starting with DB MSSQL
[2025-11-05 13:05:02.134  WRN]  Storing keys in a directory '/home/app/.aspnet/DataProtection-Keys' that may not be persisted outside of the container. Protected data will be unavailable when container is destroyed. For more information go to https://aka.ms/aspnet/dataprotectionwarning
[2025-11-05 13:05:02.164  WRN]  No XML encryptor configured. Key {37abd12c-b81e-4c95-947d-681fa42f776b} may be persisted to storage in unencrypted form.
[2025-11-05 13:05:02.180  INF]  EDonusum Batch AutoSend Service is starting.
[2025-11-05 13:05:02.181  INF]  EDonusum Batch AutoSend Service: ExecuteAsync Started
[2025-11-05 13:05:02.186  INF]  EDonusum Batch AutoSend Despatch Service is starting.
[2025-11-05 13:05:02.186  INF]  EDonusum Batch AutoSend Despatch Service: ExecuteAsync Started
[2025-11-05 13:05:02.186  INF]  EDonusum Batch ELedger Process Service is starting.
[2025-11-05 13:05:02.186  INF]  EDonusum Batch ELedger Process Service: ExecuteAsync Started
[2025-11-05 13:05:02.434  WRN]  Overriding address(es) 'http://*:8080'. Binding to endpoints defined via IConfiguration and/or UseKestrel() instead.
